2018-09-17 00:51:18.364  INFO 19648 --- [RMI TCP Connection(168)-127.0.0.1] inMXBeanRegistrar$SpringApplicationAdmin : Application shutdown requested.
2018-09-17 00:51:18.371  INFO 19648 --- [RMI TCP Connection(168)-127.0.0.1] ConfigServletWebServerApplicationContext : Closing org.springframework.boot.web.servlet.context.AnnotationConfigServletWebServerApplicationContext@9cd3b1: startup date [Sun Sep 16 22:12:40 EDT 2018]; root of context hierarchy
2018-09-17 00:51:18.373  INFO 19648 --- [RMI TCP Connection(168)-127.0.0.1] o.s.j.e.a.AnnotationMBeanExporter        : Unregistering JMX-exposed beans on shutdown
2018-09-17 00:51:18.377  INFO 19648 --- [RMI TCP Connection(168)-127.0.0.1] org.mongodb.driver.connection            : Closed connection [connectionId{localValue:2, serverValue:17}] to localhost:27017 because the pool has been closed.
2018-09-17 00:51:29.123  INFO 21432 --- [main] edu.poc.orders.OrdersApplication         : Starting OrdersApplication on OC0001L1026241 with PID 21432 (C:\development\git\Orders\target\classes started by rmathew in C:\development\git\Orders)
2018-09-17 00:51:29.127  INFO 21432 --- [main] edu.poc.orders.OrdersApplication         : The following profiles are active: test
2018-09-17 00:51:29.185  INFO 21432 --- [main] ConfigServletWebServerApplicationContext : Refreshing org.springframework.boot.web.servlet.context.AnnotationConfigServletWebServerApplicationContext@171cd7: startup date [Mon Sep 17 00:51:29 EDT 2018]; root of context hierarchy
2018-09-17 00:51:30.579  INFO 21432 --- [main] o.s.b.w.embedded.tomcat.TomcatWebServer  : Tomcat initialized with port(s): 8080 (http)
2018-09-17 00:51:30.609  INFO 21432 --- [main] o.apache.catalina.core.StandardService   : Starting service [Tomcat]
2018-09-17 00:51:30.609  INFO 21432 --- [main] org.apache.catalina.core.StandardEngine  : Starting Servlet Engine: Apache Tomcat/8.5.34
2018-09-17 00:51:30.615  INFO 21432 --- [localhost-startStop-1] o.a.catalina.core.AprLifecycleListener   : The APR based Apache Tomcat Native library which allows optimal performance in production environments was not found on the java.library.path: [C:\Program Files (x86)\Java\jre1.8.0_91\bin;C:\Windows\Sun\Java\bin;C:\Windows\system32;C:\Windows;C:/Program Files (x86)/Java/jre1.8.0_91/bin/client;C:/Program Files (x86)/Java/jre1.8.0_91/bin;C:/Program Files (x86)/Java/jre1.8.0_91/lib/i386;C:\ProgramData\Oracle\Java\javapath;C:\Oracle11g\product\11.2.0\client_1\bin;C:\Windows\system32;C:\Windows;C:\Windows\System32\Wbem;C:\Windows\System32\WindowsPowerShell\v1.0\;C:\Program Files (x86)\ATI Technologies\ATI.ACE\Core-Static;C:\Program Files (x86)\IBM\Lotus\Notes;C:\Program Files (x86)\IBM\IDM;C:\Program Files (x86)\Hyland\Web ActiveX\;C:\Program Files\Symantec\Workspace Virtualization\;C:\Program Files (x86)\Java\jdk1.7.0_80\bin;C:\development\maven339\bin;C:\development\ant193/bin;C:\development\nodejs\;C:\Program Files (x86)\Sennheiser\SoftphoneSDK\;C:\Users\rmathew\AppData\Roaming\npm;c:development\nodeJS;C:\Users\rmathew\AppData\Roaming\Cloud Foundry;C:\Users\rmathew\AppData\Local\Programs\Git\cmd;C:\development\oxygen\eclipse;;.]
2018-09-17 00:51:30.789  INFO 21432 --- [localhost-startStop-1] o.a.c.c.C.[Tomcat].[localhost].[/]       : Initializing Spring embedded WebApplicationContext
2018-09-17 00:51:30.789  INFO 21432 --- [localhost-startStop-1] o.s.web.context.ContextLoader            : Root WebApplicationContext: initialization completed in 1604 ms
2018-09-17 00:51:30.861  INFO 21432 --- [localhost-startStop-1] o.s.b.w.servlet.ServletRegistrationBean  : Servlet dispatcherServlet mapped to [/]
2018-09-17 00:51:30.866  INFO 21432 --- [localhost-startStop-1] o.s.b.w.servlet.FilterRegistrationBean   : Mapping filter: 'characterEncodingFilter' to: [/*]
2018-09-17 00:51:30.866  INFO 21432 --- [localhost-startStop-1] o.s.b.w.servlet.FilterRegistrationBean   : Mapping filter: 'hiddenHttpMethodFilter' to: [/*]
2018-09-17 00:51:30.866  INFO 21432 --- [localhost-startStop-1] o.s.b.w.servlet.FilterRegistrationBean   : Mapping filter: 'httpPutFormContentFilter' to: [/*]
2018-09-17 00:51:30.866  INFO 21432 --- [localhost-startStop-1] o.s.b.w.servlet.FilterRegistrationBean   : Mapping filter: 'requestContextFilter' to: [/*]
2018-09-17 00:51:31.409  INFO 21432 --- [main] org.mongodb.driver.cluster               : Cluster created with settings {hosts=[localhost:27017], mode=SINGLE, requiredClusterType=UNKNOWN, serverSelectionTimeout='30000 ms', maxWaitQueueSize=500}
2018-09-17 00:51:31.485  INFO 21432 --- [cluster-ClusterId{value='5b9f32d3a5ea2953b8d18d04', description='null'}-localhost:27017] org.mongodb.driver.connection            : Opened connection [connectionId{localValue:1, serverValue:18}] to localhost:27017
2018-09-17 00:51:31.490  INFO 21432 --- [cluster-ClusterId{value='5b9f32d3a5ea2953b8d18d04', description='null'}-localhost:27017] org.mongodb.driver.cluster               : Monitor thread successfully connected to server with description ServerDescription{address=localhost:27017, type=STANDALONE, state=CONNECTED, ok=true, version=ServerVersion{versionList=[3, 2, 10]}, minWireVersion=0, maxWireVersion=4, maxDocumentSize=16777216, logicalSessionTimeoutMinutes=null, roundTripTimeNanos=2914842}
2018-09-17 00:51:31.915  INFO 21432 --- [main] o.s.w.s.handler.SimpleUrlHandlerMapping  : Mapped URL path [/**/favicon.ico] onto handler of type [class org.springframework.web.servlet.resource.ResourceHttpRequestHandler]
2018-09-17 00:51:32.212  INFO 21432 --- [main] s.w.s.m.m.a.RequestMappingHandlerAdapter : Looking for @ControllerAdvice: org.springframework.boot.web.servlet.context.AnnotationConfigServletWebServerApplicationContext@171cd7: startup date [Mon Sep 17 00:51:29 EDT 2018]; root of context hierarchy
2018-09-17 00:51:32.285  INFO 21432 --- [main] s.w.s.m.m.a.RequestMappingHandlerMapping : Mapped "{[/orders],methods=[GET]}" onto public org.springframework.http.ResponseEntity<edu.poc.orders.vo.OrderCountVO> edu.poc.orders.rest.services.OrderController.listOdersCount()
2018-09-17 00:51:32.286  INFO 21432 --- [main] s.w.s.m.m.a.RequestMappingHandlerMapping : Mapped "{[/all/orders],methods=[GET]}" onto public org.springframework.http.ResponseEntity<java.util.List<edu.poc.orders.vo.OrderVO>> edu.poc.orders.rest.services.OrderController.listAllOrders()
2018-09-17 00:51:32.289  INFO 21432 --- [main] s.w.s.m.m.a.RequestMappingHandlerMapping : Mapped "{[/order/{orderNumber}],methods=[GET]}" onto public org.springframework.http.ResponseEntity<edu.poc.orders.vo.OrderVO> edu.poc.orders.rest.services.OrderController.getOrderDetails(java.lang.String) throws edu.poc.orders.exception.NotFoundException
2018-09-17 00:51:32.289  INFO 21432 --- [main] s.w.s.m.m.a.RequestMappingHandlerMapping : Mapped "{[/order],methods=[POST]}" onto public org.springframework.http.ResponseEntity<edu.poc.orders.vo.OrderVO> edu.poc.orders.rest.services.OrderController.createOrder(edu.poc.orders.vo.OrderVO)
2018-09-17 00:51:32.290  INFO 21432 --- [main] s.w.s.m.m.a.RequestMappingHandlerMapping : Mapped "{[/payment],methods=[POST]}" onto public org.springframework.http.ResponseEntity<edu.poc.orders.vo.OrderVO> edu.poc.orders.rest.services.OrderController.makePayment(edu.poc.orders.vo.PaymentVO) throws edu.poc.orders.exception.InvalidPaymentException
2018-09-17 00:51:32.293  INFO 21432 --- [main] s.w.s.m.m.a.RequestMappingHandlerMapping : Mapped "{[/error]}" onto public org.springframework.http.ResponseEntity<java.util.Map<java.lang.String, java.lang.Object>> org.springframework.boot.autoconfigure.web.servlet.error.BasicErrorController.error(javax.servlet.http.HttpServletRequest)
2018-09-17 00:51:32.294  INFO 21432 --- [main] s.w.s.m.m.a.RequestMappingHandlerMapping : Mapped "{[/error],produces=[text/html]}" onto public org.springframework.web.servlet.ModelAndView org.springframework.boot.autoconfigure.web.servlet.error.BasicErrorController.errorHtml(javax.servlet.http.HttpServletRequest,javax.servlet.http.HttpServletResponse)
2018-09-17 00:51:32.325  INFO 21432 --- [main] o.s.w.s.handler.SimpleUrlHandlerMapping  : Mapped URL path [/webjars/**] onto handler of type [class org.springframework.web.servlet.resource.ResourceHttpRequestHandler]
2018-09-17 00:51:32.326  INFO 21432 --- [main] o.s.w.s.handler.SimpleUrlHandlerMapping  : Mapped URL path [/**] onto handler of type [class org.springframework.web.servlet.resource.ResourceHttpRequestHandler]
2018-09-17 00:51:32.341  INFO 21432 --- [main] .m.m.a.ExceptionHandlerExceptionResolver : Detected @ExceptionHandler methods in exceptionHandlerAdvice
2018-09-17 00:51:32.506  INFO 21432 --- [main] o.s.j.e.a.AnnotationMBeanExporter        : Registering beans for JMX exposure on startup
2018-09-17 00:51:32.559  INFO 21432 --- [main] o.s.b.w.embedded.tomcat.TomcatWebServer  : Tomcat started on port(s): 8080 (http) with context path ''
2018-09-17 00:51:32.562  INFO 21432 --- [main] edu.poc.orders.OrdersApplication         : Started OrdersApplication in 4.208 seconds (JVM running for 6.038)
2018-09-17 01:12:07.894  INFO 21432 --- [http-nio-8080-exec-1] o.a.c.c.C.[Tomcat].[localhost].[/]       : Initializing Spring FrameworkServlet 'dispatcherServlet'
2018-09-17 01:12:07.895  INFO 21432 --- [http-nio-8080-exec-1] o.s.web.servlet.DispatcherServlet        : FrameworkServlet 'dispatcherServlet': initialization started
2018-09-17 01:12:07.932  INFO 21432 --- [http-nio-8080-exec-1] o.s.web.servlet.DispatcherServlet        : FrameworkServlet 'dispatcherServlet': initialization completed in 37 ms
2018-09-17 01:12:08.219  INFO 21432 --- [http-nio-8080-exec-1] org.mongodb.driver.connection            : Opened connection [connectionId{localValue:2, serverValue:19}] to localhost:27017
2018-09-17 01:13:45.815  INFO 21432 --- [RMI TCP Connection(32)-127.0.0.1] inMXBeanRegistrar$SpringApplicationAdmin : Application shutdown requested.
2018-09-17 01:13:45.816  INFO 21432 --- [RMI TCP Connection(32)-127.0.0.1] ConfigServletWebServerApplicationContext : Closing org.springframework.boot.web.servlet.context.AnnotationConfigServletWebServerApplicationContext@171cd7: startup date [Mon Sep 17 00:51:29 EDT 2018]; root of context hierarchy
2018-09-17 01:13:45.819  INFO 21432 --- [RMI TCP Connection(32)-127.0.0.1] o.s.j.e.a.AnnotationMBeanExporter        : Unregistering JMX-exposed beans on shutdown
2018-09-17 01:13:45.822  INFO 21432 --- [RMI TCP Connection(32)-127.0.0.1] org.mongodb.driver.connection            : Closed connection [connectionId{localValue:2, serverValue:19}] to localhost:27017 because the pool has been closed.
2018-09-17 01:13:51.625  INFO 17488 --- [main] edu.poc.orders.OrdersApplication         : Starting OrdersApplication on OC0001L1026241 with PID 17488 (C:\development\git\Orders\target\classes started by rmathew in C:\development\git\Orders)
2018-09-17 01:13:51.630  INFO 17488 --- [main] edu.poc.orders.OrdersApplication         : The following profiles are active: test
2018-09-17 01:13:51.702  INFO 17488 --- [main] ConfigServletWebServerApplicationContext : Refreshing org.springframework.boot.web.servlet.context.AnnotationConfigServletWebServerApplicationContext@1d03f44: startup date [Mon Sep 17 01:13:51 EDT 2018]; root of context hierarchy
2018-09-17 01:13:53.218  INFO 17488 --- [main] o.s.b.w.embedded.tomcat.TomcatWebServer  : Tomcat initialized with port(s): 8080 (http)
2018-09-17 01:13:53.239  INFO 17488 --- [main] o.apache.catalina.core.StandardService   : Starting service [Tomcat]
2018-09-17 01:13:53.239  INFO 17488 --- [main] org.apache.catalina.core.StandardEngine  : Starting Servlet Engine: Apache Tomcat/8.5.34
2018-09-17 01:13:53.243  INFO 17488 --- [localhost-startStop-1] o.a.catalina.core.AprLifecycleListener   : The APR based Apache Tomcat Native library which allows optimal performance in production environments was not found on the java.library.path: [C:\Program Files (x86)\Java\jre1.8.0_91\bin;C:\Windows\Sun\Java\bin;C:\Windows\system32;C:\Windows;C:/Program Files (x86)/Java/jre1.8.0_91/bin/client;C:/Program Files (x86)/Java/jre1.8.0_91/bin;C:/Program Files (x86)/Java/jre1.8.0_91/lib/i386;C:\ProgramData\Oracle\Java\javapath;C:\Oracle11g\product\11.2.0\client_1\bin;C:\Windows\system32;C:\Windows;C:\Windows\System32\Wbem;C:\Windows\System32\WindowsPowerShell\v1.0\;C:\Program Files (x86)\ATI Technologies\ATI.ACE\Core-Static;C:\Program Files (x86)\IBM\Lotus\Notes;C:\Program Files (x86)\IBM\IDM;C:\Program Files (x86)\Hyland\Web ActiveX\;C:\Program Files\Symantec\Workspace Virtualization\;C:\Program Files (x86)\Java\jdk1.7.0_80\bin;C:\development\maven339\bin;C:\development\ant193/bin;C:\development\nodejs\;C:\Program Files (x86)\Sennheiser\SoftphoneSDK\;C:\Users\rmathew\AppData\Roaming\npm;c:development\nodeJS;C:\Users\rmathew\AppData\Roaming\Cloud Foundry;C:\Users\rmathew\AppData\Local\Programs\Git\cmd;C:\development\oxygen\eclipse;;.]
2018-09-17 01:13:53.398  INFO 17488 --- [localhost-startStop-1] o.a.c.c.C.[Tomcat].[localhost].[/]       : Initializing Spring embedded WebApplicationContext
2018-09-17 01:13:53.398  INFO 17488 --- [localhost-startStop-1] o.s.web.context.ContextLoader            : Root WebApplicationContext: initialization completed in 1696 ms
2018-09-17 01:13:53.487  INFO 17488 --- [localhost-startStop-1] o.s.b.w.servlet.ServletRegistrationBean  : Servlet dispatcherServlet mapped to [/]
2018-09-17 01:13:53.491  INFO 17488 --- [localhost-startStop-1] o.s.b.w.servlet.FilterRegistrationBean   : Mapping filter: 'characterEncodingFilter' to: [/*]
2018-09-17 01:13:53.491  INFO 17488 --- [localhost-startStop-1] o.s.b.w.servlet.FilterRegistrationBean   : Mapping filter: 'hiddenHttpMethodFilter' to: [/*]
2018-09-17 01:13:53.492  INFO 17488 --- [localhost-startStop-1] o.s.b.w.servlet.FilterRegistrationBean   : Mapping filter: 'httpPutFormContentFilter' to: [/*]
2018-09-17 01:13:53.492  INFO 17488 --- [localhost-startStop-1] o.s.b.w.servlet.FilterRegistrationBean   : Mapping filter: 'requestContextFilter' to: [/*]
2018-09-17 01:13:53.979  INFO 17488 --- [main] org.mongodb.driver.cluster               : Cluster created with settings {hosts=[localhost:27017], mode=SINGLE, requiredClusterType=UNKNOWN, serverSelectionTimeout='30000 ms', maxWaitQueueSize=500}
2018-09-17 01:13:54.040  INFO 17488 --- [cluster-ClusterId{value='5b9f3811a5ea29445011e76e', description='null'}-localhost:27017] org.mongodb.driver.connection            : Opened connection [connectionId{localValue:1, serverValue:20}] to localhost:27017
2018-09-17 01:13:54.045  INFO 17488 --- [cluster-ClusterId{value='5b9f3811a5ea29445011e76e', description='null'}-localhost:27017] org.mongodb.driver.cluster               : Monitor thread successfully connected to server with description ServerDescription{address=localhost:27017, type=STANDALONE, state=CONNECTED, ok=true, version=ServerVersion{versionList=[3, 2, 10]}, minWireVersion=0, maxWireVersion=4, maxDocumentSize=16777216, logicalSessionTimeoutMinutes=null, roundTripTimeNanos=2897867}
2018-09-17 01:13:54.448  INFO 17488 --- [main] o.s.w.s.handler.SimpleUrlHandlerMapping  : Mapped URL path [/**/favicon.ico] onto handler of type [class org.springframework.web.servlet.resource.ResourceHttpRequestHandler]
2018-09-17 01:13:54.711  INFO 17488 --- [main] s.w.s.m.m.a.RequestMappingHandlerAdapter : Looking for @ControllerAdvice: org.springframework.boot.web.servlet.context.AnnotationConfigServletWebServerApplicationContext@1d03f44: startup date [Mon Sep 17 01:13:51 EDT 2018]; root of context hierarchy
2018-09-17 01:13:54.773  INFO 17488 --- [main] s.w.s.m.m.a.RequestMappingHandlerMapping : Mapped "{[/orders],methods=[GET]}" onto public org.springframework.http.ResponseEntity<edu.poc.orders.vo.OrderCountVO> edu.poc.orders.rest.services.OrderController.listOdersCount()
2018-09-17 01:13:54.774  INFO 17488 --- [main] s.w.s.m.m.a.RequestMappingHandlerMapping : Mapped "{[/all/orders],methods=[GET]}" onto public org.springframework.http.ResponseEntity<java.util.List<edu.poc.orders.vo.OrderVO>> edu.poc.orders.rest.services.OrderController.listAllOrders()
2018-09-17 01:13:54.777  INFO 17488 --- [main] s.w.s.m.m.a.RequestMappingHandlerMapping : Mapped "{[/order/{orderNumber}],methods=[GET]}" onto public org.springframework.http.ResponseEntity<edu.poc.orders.vo.OrderVO> edu.poc.orders.rest.services.OrderController.getOrderDetails(java.lang.String) throws edu.poc.orders.exception.NotFoundException
2018-09-17 01:13:54.778  INFO 17488 --- [main] s.w.s.m.m.a.RequestMappingHandlerMapping : Mapped "{[/order],methods=[POST]}" onto public org.springframework.http.ResponseEntity<edu.poc.orders.vo.OrderVO> edu.poc.orders.rest.services.OrderController.createOrder(edu.poc.orders.vo.OrderVO)
2018-09-17 01:13:54.778  INFO 17488 --- [main] s.w.s.m.m.a.RequestMappingHandlerMapping : Mapped "{[/payment],methods=[POST]}" onto public org.springframework.http.ResponseEntity<edu.poc.orders.vo.OrderVO> edu.poc.orders.rest.services.OrderController.makePayment(edu.poc.orders.vo.PaymentVO) throws edu.poc.orders.exception.InvalidPaymentException
2018-09-17 01:13:54.783  INFO 17488 --- [main] s.w.s.m.m.a.RequestMappingHandlerMapping : Mapped "{[/error]}" onto public org.springframework.http.ResponseEntity<java.util.Map<java.lang.String, java.lang.Object>> org.springframework.boot.autoconfigure.web.servlet.error.BasicErrorController.error(javax.servlet.http.HttpServletRequest)
2018-09-17 01:13:54.784  INFO 17488 --- [main] s.w.s.m.m.a.RequestMappingHandlerMapping : Mapped "{[/error],produces=[text/html]}" onto public org.springframework.web.servlet.ModelAndView org.springframework.boot.autoconfigure.web.servlet.error.BasicErrorController.errorHtml(javax.servlet.http.HttpServletRequest,javax.servlet.http.HttpServletResponse)
2018-09-17 01:13:54.809  INFO 17488 --- [main] o.s.w.s.handler.SimpleUrlHandlerMapping  : Mapped URL path [/webjars/**] onto handler of type [class org.springframework.web.servlet.resource.ResourceHttpRequestHandler]
2018-09-17 01:13:54.809  INFO 17488 --- [main] o.s.w.s.handler.SimpleUrlHandlerMapping  : Mapped URL path [/**] onto handler of type [class org.springframework.web.servlet.resource.ResourceHttpRequestHandler]
2018-09-17 01:13:54.835  INFO 17488 --- [main] .m.m.a.ExceptionHandlerExceptionResolver : Detected @ExceptionHandler methods in exceptionHandlerAdvice
2018-09-17 01:13:54.995  INFO 17488 --- [main] o.s.j.e.a.AnnotationMBeanExporter        : Registering beans for JMX exposure on startup
2018-09-17 01:13:55.035  INFO 17488 --- [main] o.s.b.w.embedded.tomcat.TomcatWebServer  : Tomcat started on port(s): 8080 (http) with context path ''
2018-09-17 01:13:55.038  INFO 17488 --- [main] edu.poc.orders.OrdersApplication         : Started OrdersApplication in 4.065 seconds (JVM running for 5.333)
2018-09-17 01:14:02.365  INFO 17488 --- [http-nio-8080-exec-1] o.a.c.c.C.[Tomcat].[localhost].[/]       : Initializing Spring FrameworkServlet 'dispatcherServlet'
2018-09-17 01:14:02.366  INFO 17488 --- [http-nio-8080-exec-1] o.s.web.servlet.DispatcherServlet        : FrameworkServlet 'dispatcherServlet': initialization started
2018-09-17 01:14:02.388  INFO 17488 --- [http-nio-8080-exec-1] o.s.web.servlet.DispatcherServlet        : FrameworkServlet 'dispatcherServlet': initialization completed in 21 ms
2018-09-17 01:14:02.551  INFO 17488 --- [http-nio-8080-exec-1] org.mongodb.driver.connection            : Opened connection [connectionId{localValue:2, serverValue:21}] to localhost:27017
2018-09-17 01:14:02.679  INFO 17488 --- [http-nio-8080-exec-1] edu.poc.orders.service.OrderServiceImpl  : 1537146130400 has been shipped
2018-09-17 01:15:05.029  INFO 17488 --- [RMI TCP Connection(10)-127.0.0.1] inMXBeanRegistrar$SpringApplicationAdmin : Application shutdown requested.
2018-09-17 01:15:05.030  INFO 17488 --- [RMI TCP Connection(10)-127.0.0.1] ConfigServletWebServerApplicationContext : Closing org.springframework.boot.web.servlet.context.AnnotationConfigServletWebServerApplicationContext@1d03f44: startup date [Mon Sep 17 01:13:51 EDT 2018]; root of context hierarchy
2018-09-17 01:15:05.032  INFO 17488 --- [RMI TCP Connection(10)-127.0.0.1] o.s.j.e.a.AnnotationMBeanExporter        : Unregistering JMX-exposed beans on shutdown
2018-09-17 01:15:05.035  INFO 17488 --- [RMI TCP Connection(10)-127.0.0.1] org.mongodb.driver.connection            : Closed connection [connectionId{localValue:2, serverValue:21}] to localhost:27017 because the pool has been closed.
2018-09-17 01:15:10.698 DEBUG 21180 --- [background-preinit] .h.v.m.ResourceBundleMessageInterpolator : Loaded expression factory via original TCCL
2018-09-17 01:15:10.886  INFO 21180 --- [main] edu.poc.orders.OrdersApplication         : Starting OrdersApplication on OC0001L1026241 with PID 21180 (C:\development\git\Orders\target\classes started by rmathew in C:\development\git\Orders)
2018-09-17 01:15:10.888  INFO 21180 --- [main] edu.poc.orders.OrdersApplication         : The following profiles are active: test
2018-09-17 01:15:10.978  INFO 21180 --- [main] ConfigServletWebServerApplicationContext : Refreshing org.springframework.boot.web.servlet.context.AnnotationConfigServletWebServerApplicationContext@114e963: startup date [Mon Sep 17 01:15:10 EDT 2018]; root of context hierarchy
2018-09-17 01:15:12.490  INFO 21180 --- [main] o.s.b.w.embedded.tomcat.TomcatWebServer  : Tomcat initialized with port(s): 8080 (http)
2018-09-17 01:15:12.516  INFO 21180 --- [main] o.apache.catalina.core.StandardService   : Starting service [Tomcat]
2018-09-17 01:15:12.516  INFO 21180 --- [main] org.apache.catalina.core.StandardEngine  : Starting Servlet Engine: Apache Tomcat/8.5.34
2018-09-17 01:15:12.521  INFO 21180 --- [localhost-startStop-1] o.a.catalina.core.AprLifecycleListener   : The APR based Apache Tomcat Native library which allows optimal performance in production environments was not found on the java.library.path: [C:\Program Files (x86)\Java\jre1.8.0_91\bin;C:\Windows\Sun\Java\bin;C:\Windows\system32;C:\Windows;C:/Program Files (x86)/Java/jre1.8.0_91/bin/client;C:/Program Files (x86)/Java/jre1.8.0_91/bin;C:/Program Files (x86)/Java/jre1.8.0_91/lib/i386;C:\ProgramData\Oracle\Java\javapath;C:\Oracle11g\product\11.2.0\client_1\bin;C:\Windows\system32;C:\Windows;C:\Windows\System32\Wbem;C:\Windows\System32\WindowsPowerShell\v1.0\;C:\Program Files (x86)\ATI Technologies\ATI.ACE\Core-Static;C:\Program Files (x86)\IBM\Lotus\Notes;C:\Program Files (x86)\IBM\IDM;C:\Program Files (x86)\Hyland\Web ActiveX\;C:\Program Files\Symantec\Workspace Virtualization\;C:\Program Files (x86)\Java\jdk1.7.0_80\bin;C:\development\maven339\bin;C:\development\ant193/bin;C:\development\nodejs\;C:\Program Files (x86)\Sennheiser\SoftphoneSDK\;C:\Users\rmathew\AppData\Roaming\npm;c:development\nodeJS;C:\Users\rmathew\AppData\Roaming\Cloud Foundry;C:\Users\rmathew\AppData\Local\Programs\Git\cmd;C:\development\oxygen\eclipse;;.]
2018-09-17 01:15:12.653  INFO 21180 --- [localhost-startStop-1] o.a.c.c.C.[Tomcat].[localhost].[/]       : Initializing Spring embedded WebApplicationContext
2018-09-17 01:15:12.653  INFO 21180 --- [localhost-startStop-1] o.s.web.context.ContextLoader            : Root WebApplicationContext: initialization completed in 1676 ms
2018-09-17 01:15:12.733  INFO 21180 --- [localhost-startStop-1] o.s.b.w.servlet.ServletRegistrationBean  : Servlet dispatcherServlet mapped to [/]
2018-09-17 01:15:12.738  INFO 21180 --- [localhost-startStop-1] o.s.b.w.servlet.FilterRegistrationBean   : Mapping filter: 'characterEncodingFilter' to: [/*]
2018-09-17 01:15:12.738  INFO 21180 --- [localhost-startStop-1] o.s.b.w.servlet.FilterRegistrationBean   : Mapping filter: 'hiddenHttpMethodFilter' to: [/*]
2018-09-17 01:15:12.738  INFO 21180 --- [localhost-startStop-1] o.s.b.w.servlet.FilterRegistrationBean   : Mapping filter: 'httpPutFormContentFilter' to: [/*]
2018-09-17 01:15:12.738  INFO 21180 --- [localhost-startStop-1] o.s.b.w.servlet.FilterRegistrationBean   : Mapping filter: 'requestContextFilter' to: [/*]
2018-09-17 01:15:13.254  INFO 21180 --- [main] org.mongodb.driver.cluster               : Cluster created with settings {hosts=[localhost:27017], mode=SINGLE, requiredClusterType=UNKNOWN, serverSelectionTimeout='30000 ms', maxWaitQueueSize=500}
2018-09-17 01:15:13.329  INFO 21180 --- [cluster-ClusterId{value='5b9f3861a5ea2952bc01d4a5', description='null'}-localhost:27017] org.mongodb.driver.connection            : Opened connection [connectionId{localValue:1, serverValue:22}] to localhost:27017
2018-09-17 01:15:13.334  INFO 21180 --- [cluster-ClusterId{value='5b9f3861a5ea2952bc01d4a5', description='null'}-localhost:27017] org.mongodb.driver.cluster               : Monitor thread successfully connected to server with description ServerDescription{address=localhost:27017, type=STANDALONE, state=CONNECTED, ok=true, version=ServerVersion{versionList=[3, 2, 10]}, minWireVersion=0, maxWireVersion=4, maxDocumentSize=16777216, logicalSessionTimeoutMinutes=null, roundTripTimeNanos=3102348}
2018-09-17 01:15:13.767  INFO 21180 --- [main] o.s.w.s.handler.SimpleUrlHandlerMapping  : Mapped URL path [/**/favicon.ico] onto handler of type [class org.springframework.web.servlet.resource.ResourceHttpRequestHandler]
2018-09-17 01:15:14.041  INFO 21180 --- [main] s.w.s.m.m.a.RequestMappingHandlerAdapter : Looking for @ControllerAdvice: org.springframework.boot.web.servlet.context.AnnotationConfigServletWebServerApplicationContext@114e963: startup date [Mon Sep 17 01:15:10 EDT 2018]; root of context hierarchy
2018-09-17 01:15:14.098  INFO 21180 --- [main] s.w.s.m.m.a.RequestMappingHandlerMapping : Mapped "{[/orders],methods=[GET]}" onto public org.springframework.http.ResponseEntity<edu.poc.orders.vo.OrderCountVO> edu.poc.orders.rest.services.OrderController.listOdersCount()
2018-09-17 01:15:14.100  INFO 21180 --- [main] s.w.s.m.m.a.RequestMappingHandlerMapping : Mapped "{[/all/orders],methods=[GET]}" onto public org.springframework.http.ResponseEntity<java.util.List<edu.poc.orders.vo.OrderVO>> edu.poc.orders.rest.services.OrderController.listAllOrders()
2018-09-17 01:15:14.102  INFO 21180 --- [main] s.w.s.m.m.a.RequestMappingHandlerMapping : Mapped "{[/order/{orderNumber}],methods=[GET]}" onto public org.springframework.http.ResponseEntity<edu.poc.orders.vo.OrderVO> edu.poc.orders.rest.services.OrderController.getOrderDetails(java.lang.String) throws edu.poc.orders.exception.NotFoundException
2018-09-17 01:15:14.102  INFO 21180 --- [main] s.w.s.m.m.a.RequestMappingHandlerMapping : Mapped "{[/order],methods=[POST]}" onto public org.springframework.http.ResponseEntity<edu.poc.orders.vo.OrderVO> edu.poc.orders.rest.services.OrderController.createOrder(edu.poc.orders.vo.OrderVO)
2018-09-17 01:15:14.102  INFO 21180 --- [main] s.w.s.m.m.a.RequestMappingHandlerMapping : Mapped "{[/payment],methods=[POST]}" onto public org.springframework.http.ResponseEntity<edu.poc.orders.vo.OrderVO> edu.poc.orders.rest.services.OrderController.makePayment(edu.poc.orders.vo.PaymentVO) throws edu.poc.orders.exception.InvalidPaymentException
2018-09-17 01:15:14.105  INFO 21180 --- [main] s.w.s.m.m.a.RequestMappingHandlerMapping : Mapped "{[/error]}" onto public org.springframework.http.ResponseEntity<java.util.Map<java.lang.String, java.lang.Object>> org.springframework.boot.autoconfigure.web.servlet.error.BasicErrorController.error(javax.servlet.http.HttpServletRequest)
2018-09-17 01:15:14.105  INFO 21180 --- [main] s.w.s.m.m.a.RequestMappingHandlerMapping : Mapped "{[/error],produces=[text/html]}" onto public org.springframework.web.servlet.ModelAndView org.springframework.boot.autoconfigure.web.servlet.error.BasicErrorController.errorHtml(javax.servlet.http.HttpServletRequest,javax.servlet.http.HttpServletResponse)
2018-09-17 01:15:14.137  INFO 21180 --- [main] o.s.w.s.handler.SimpleUrlHandlerMapping  : Mapped URL path [/webjars/**] onto handler of type [class org.springframework.web.servlet.resource.ResourceHttpRequestHandler]
2018-09-17 01:15:14.137  INFO 21180 --- [main] o.s.w.s.handler.SimpleUrlHandlerMapping  : Mapped URL path [/**] onto handler of type [class org.springframework.web.servlet.resource.ResourceHttpRequestHandler]
2018-09-17 01:15:14.151  INFO 21180 --- [main] .m.m.a.ExceptionHandlerExceptionResolver : Detected @ExceptionHandler methods in exceptionHandlerAdvice
2018-09-17 01:15:14.380  INFO 21180 --- [main] o.s.j.e.a.AnnotationMBeanExporter        : Registering beans for JMX exposure on startup
2018-09-17 01:15:14.421  INFO 21180 --- [main] o.s.b.w.embedded.tomcat.TomcatWebServer  : Tomcat started on port(s): 8080 (http) with context path ''
2018-09-17 01:15:14.424  INFO 21180 --- [main] edu.poc.orders.OrdersApplication         : Started OrdersApplication in 4.206 seconds (JVM running for 5.479)
2018-09-17 01:15:27.186  INFO 21180 --- [http-nio-8080-exec-1] o.a.c.c.C.[Tomcat].[localhost].[/]       : Initializing Spring FrameworkServlet 'dispatcherServlet'
2018-09-17 01:15:27.186  INFO 21180 --- [http-nio-8080-exec-1] o.s.web.servlet.DispatcherServlet        : FrameworkServlet 'dispatcherServlet': initialization started
2018-09-17 01:15:27.208  INFO 21180 --- [http-nio-8080-exec-1] o.s.web.servlet.DispatcherServlet        : FrameworkServlet 'dispatcherServlet': initialization completed in 21 ms
2018-09-17 01:15:27.372  INFO 21180 --- [http-nio-8080-exec-1] org.mongodb.driver.connection            : Opened connection [connectionId{localValue:2, serverValue:23}] to localhost:27017
2018-09-17 01:15:27.436  INFO 21180 --- [http-nio-8080-exec-1] edu.poc.orders.service.OrderServiceImpl  : Order#1537146130400 has been shipped
2018-09-17 01:15:57.226 ERROR 21180 --- [http-nio-8080-exec-2] e.p.o.rest.services.OrderController      : Overpayment not allowed
2018-09-17 01:15:57.238  WARN 21180 --- [http-nio-8080-exec-2] .m.m.a.ExceptionHandlerExceptionResolver : Resolved [edu.poc.orders.exception.InvalidPaymentException: Overpayment not allowed]
